<?xml version="1.0" encoding="UTF-8"?>
<!-- Generated by org.testng.reporters.JUnitReportReporter -->
<testsuite skipped="0" hostname="LAB_04_18" name="NewTest" tests="1" failures="0" timestamp="23 Sep 2021 05:24:02 GMT" time="0.012" errors="0">
  <testcase name="f" time="0.012" classname="NewTest"/>
</testsuite> <!-- NewTest -->
